  CellUtils.cpp
  CommandHandler.cpp
C:\Users\Asus\Documents\FMI\OOP_PAK\project\DBProject\DBProject\CommandHandler.cpp(238,22): warning C4566: character represented by universal-character-name '\u041D' cannot be represented in the current code page (1252)
C:\Users\Asus\Documents\FMI\OOP_PAK\project\DBProject\DBProject\CommandHandler.cpp(238,22): warning C4566: character represented by universal-character-name '\u0435' cannot be represented in the current code page (1252)
C:\Users\Asus\Documents\FMI\OOP_PAK\project\DBProject\DBProject\CommandHandler.cpp(238,22): warning C4566: character represented by universal-character-name '\u0432' cannot be represented in the current code page (1252)
C:\Users\Asus\Documents\FMI\OOP_PAK\project\DBProject\DBProject\CommandHandler.cpp(238,22): warning C4566: character represented by universal-character-name '\u0430' cannot be represented in the current code page (1252)
C:\Users\Asus\Documents\FMI\OOP_PAK\project\DBProject\DBProject\CommandHandler.cpp(238,22): warning C4566: character represented by universal-character-name '\u043B' cannot be represented in the current code page (1252)
C:\Users\Asus\Documents\FMI\OOP_PAK\project\DBProject\DBProject\CommandHandler.cpp(238,22): warning C4566: character represented by universal-character-name '\u0438' cannot be represented in the current code page (1252)
C:\Users\Asus\Documents\FMI\OOP_PAK\project\DBProject\DBProject\CommandHandler.cpp(238,22): warning C4566: character represented by universal-character-name '\u0434' cannot be represented in the current code page (1252)
C:\Users\Asus\Documents\FMI\OOP_PAK\project\DBProject\DBProject\CommandHandler.cpp(238,22): warning C4566: character represented by universal-character-name '\u043D' cannot be represented in the current code page (1252)
C:\Users\Asus\Documents\FMI\OOP_PAK\project\DBProject\DBProject\CommandHandler.cpp(238,22): warning C4566: character represented by universal-character-name '\u043A' cannot be represented in the current code page (1252)
C:\Users\Asus\Documents\FMI\OOP_PAK\project\DBProject\DBProject\CommandHandler.cpp(238,22): warning C4566: character represented by universal-character-name '\u043E' cannot be represented in the current code page (1252)
C:\Users\Asus\Documents\FMI\OOP_PAK\project\DBProject\DBProject\CommandHandler.cpp(238,22): warning C4566: character represented by universal-character-name '\u043C' cannot be represented in the current code page (1252)
C:\Users\Asus\Documents\FMI\OOP_PAK\project\DBProject\DBProject\CommandHandler.cpp(86,46): warning C4101: 'e': unreferenced local variable
C:\Users\Asus\Documents\FMI\OOP_PAK\project\DBProject\DBProject\CommandHandler.cpp(144,46): warning C4101: 'ex': unreferenced local variable
C:\Users\Asus\Documents\FMI\OOP_PAK\project\DBProject\DBProject\CommandHandler.cpp(256,26): warning C4566: character represented by universal-character-name '\u0413' cannot be represented in the current code page (1252)
C:\Users\Asus\Documents\FMI\OOP_PAK\project\DBProject\DBProject\CommandHandler.cpp(256,26): warning C4566: character represented by universal-character-name '\u0440' cannot be represented in the current code page (1252)
C:\Users\Asus\Documents\FMI\OOP_PAK\project\DBProject\DBProject\CommandHandler.cpp(256,26): warning C4566: character represented by universal-character-name '\u0435' cannot be represented in the current code page (1252)
C:\Users\Asus\Documents\FMI\OOP_PAK\project\DBProject\DBProject\CommandHandler.cpp(256,26): warning C4566: character represented by universal-character-name '\u0448' cannot be represented in the current code page (1252)
C:\Users\Asus\Documents\FMI\OOP_PAK\project\DBProject\DBProject\CommandHandler.cpp(256,26): warning C4566: character represented by universal-character-name '\u043A' cannot be represented in the current code page (1252)
C:\Users\Asus\Documents\FMI\OOP_PAK\project\DBProject\DBProject\CommandHandler.cpp(256,26): warning C4566: character represented by universal-character-name '\u0430' cannot be represented in the current code page (1252)
  DBProject.cpp
  Database.cpp
C:\Users\Asus\Documents\FMI\OOP_PAK\project\DBProject\DBProject\Database.cpp(30,40): warning C4267: 'initializing': conversion from 'size_t' to 'int', possible loss of data
  Date.cpp
  DoubleCell.cpp
  IntegerCell.cpp
  Row.cpp
  Table.cpp
C:\Users\Asus\Documents\FMI\OOP_PAK\project\DBProject\DBProject\Table.cpp(6,37): warning C4267: '=': conversion from 'size_t' to '_Ty', possible loss of data
          with
          [
              _Ty=int
          ]
C:\Users\Asus\Documents\FMI\OOP_PAK\project\DBProject\DBProject\Table.cpp(159,5): warning C4267: 'initializing': conversion from 'size_t' to 'int', possible loss of data
  Generating Code...
C:\Users\Asus\Documents\FMI\OOP_PAK\project\DBProject\DBProject\Row.cpp(14): warning C4715: 'Row::makeCell': not all control paths return a value
  DBProject.vcxproj -> C:\Users\Asus\Documents\FMI\OOP_PAK\project\DBProject\x64\Debug\DBProject.exe
